<?xml version="1.0" encoding="UTF-8"?>
<!-- Generated by org.testng.reporters.JUnitReportReporter -->
<testsuite skipped="0" hostname="Trisha" name="automation.Testing" tests="16" failures="0" timestamp="2020-12-20T01:42:56 IST" time="205.575" errors="0">
  <testcase name="TestPageTitle" time="13.257" classname="automation.Testing"/>
  <system-out/>
  <testcase name="LogoTest" time="12.359" classname="automation.Testing"/>
  <system-out/>
  <testcase name="VisionMissionLinkTest" time="16.380" classname="automation.Testing"/>
  <system-out/>
  <testcase name="VisionMissionNoOfLinksTest" time="11.119" classname="automation.Testing"/>
  <system-out/>
  <testcase name="ExecutiveTeamTextElementTest" time="9.608" classname="automation.Testing"/>
  <system-out/>
  <testcase name="JoinUsLinkTest" time="15.194" classname="automation.Testing"/>
  <system-out/>
  <testcase name="JoinUsPageNoOfLinkTest" time="11.461" classname="automation.Testing"/>
  <system-out/>
  <testcase name="InternshipPositionTextElementTest" time="11.311" classname="automation.Testing"/>
  <system-out/>
  <testcase name="VisitNowLinkTest" time="12.783" classname="automation.Testing"/>
  <system-out/>
  <testcase name="PoliciesNoOfLinkTest" time="11.531" classname="automation.Testing"/>
  <system-out/>
  <testcase name="PoliciesCorrectPageDisplayedTest" time="9.759" classname="automation.Testing"/>
  <system-out/>
  <testcase name="ContactUsLinkTest" time="16.781" classname="automation.Testing"/>
  <system-out/>
  <testcase name="ContactUsNoOfLinksTest" time="10.685" classname="automation.Testing"/>
  <system-out/>
  <testcase name="SparksPageGlobalLinkTest" time="13.163" classname="automation.Testing"/>
  <system-out/>
  <testcase name="CorrectPageDisplayedTest" time="15.173" classname="automation.Testing"/>
  <system-out/>
  <testcase name="NoOfLinkTest" time="15.011" classname="automation.Testing"/>
  <system-out/>
</testsuite> <!-- automation.Testing -->
