<?xml version="1.0" encoding="UTF-8"?>
<!-- Generated by org.testng.reporters.JUnitReportReporter -->
<testsuite skipped="0" hostname="Trisha" name="automation.Testing" tests="16" failures="0" timestamp="2020-12-19T05:26:48 IST" time="184.171" errors="0">
  <testcase name="TestPageTitle" time="12.743" classname="automation.Testing"/>
  <system-out/>
  <testcase name="LogoTest" time="12.922" classname="automation.Testing"/>
  <system-out/>
  <testcase name="VisionMissionLinkTest" time="13.061" classname="automation.Testing"/>
  <system-out/>
  <testcase name="VisionMissionNoOfLinksTest" time="11.053" classname="automation.Testing"/>
  <system-out/>
  <testcase name="ExecutiveTeamTextElementTest" time="10.851" classname="automation.Testing"/>
  <system-out/>
  <testcase name="JoinUsLinkTest" time="14.360" classname="automation.Testing"/>
  <system-out/>
  <testcase name="JoinUsPageNoOfLinkTest" time="10.136" classname="automation.Testing"/>
  <system-out/>
  <testcase name="InternshipPositionTextElementTest" time="10.478" classname="automation.Testing"/>
  <system-out/>
  <testcase name="VisitNowLinkTest" time="11.201" classname="automation.Testing"/>
  <system-out/>
  <testcase name="PoliciesNoOfLinkTest" time="9.294" classname="automation.Testing"/>
  <system-out/>
  <testcase name="PoliciesCorrectPageDisplayedTest" time="9.141" classname="automation.Testing"/>
  <system-out/>
  <testcase name="ContactUsLinkTest" time="12.089" classname="automation.Testing"/>
  <system-out/>
  <testcase name="ContactUsNoOfLinksTest" time="9.468" classname="automation.Testing"/>
  <system-out/>
  <testcase name="SparksPageGlobalLinkTest" time="10.876" classname="automation.Testing"/>
  <system-out/>
  <testcase name="CorrectPageDisplayedTest" time="13.666" classname="automation.Testing"/>
  <system-out/>
  <testcase name="NoOfLinkTest" time="12.832" classname="automation.Testing"/>
  <system-out/>
</testsuite> <!-- automation.Testing -->
